Using pre-set license
Built from '2022.3/staging' branch; Version is '2022.3.35f1 (011206c7a712) revision 70150'; Using compiler version '192829333'; Build Type 'Release'
OS: 'Windows 10  (10.0.19045) 64bit Professional' Language: 'ru' Physical Memory: 15774 MB
BatchMode: 1, IsHumanControllingUs: 0, StartBugReporterOnCrash: 0, Is64bit: 1, IsPro: 1

COMMAND LINE ARGUMENTS:
C:\Program Files\Unity\Hub\Editor\2022.3.35f1\Editor\Unity.exe
-adb2
-batchMode
-noUpm
-name
AssetImportWorker7
-projectPath
C:/Users/Р Р°РІРёР»СЊ/My project (1)
-logFile
Logs/AssetImportWorker7.log
-srvPort
55331
Successfully changed project path to: C:/Users/Р Р°РІРёР»СЊ/My project (1)
C:/Users/Р Р°РІРёР»СЊ/My project (1)
[UnityMemory] Configuration Parameters - Can be set up in boot.config
    "memorysetup-bucket-allocator-granularity=16"
    "memorysetup-bucket-allocator-bucket-count=8"
    "memorysetup-bucket-allocator-block-size=33554432"
    "memorysetup-bucket-allocator-block-count=8"
    "memorysetup-main-allocator-block-size=16777216"
    "memorysetup-thread-allocator-block-size=16777216"
    "memorysetup-gfx-main-allocator-block-size=16777216"
    "memorysetup-gfx-thread-allocator-block-size=16777216"
    "memorysetup-cache-allocator-block-size=4194304"
    "memorysetup-typetree-allocator-block-size=2097152"
    "memorysetup-profiler-bucket-allocator-granularity=16"
    "memorysetup-profiler-bucket-allocator-bucket-count=8"
    "memorysetup-profiler-bucket-allocator-block-size=33554432"
    "memorysetup-profiler-bucket-allocator-block-count=8"
    "memorysetup-profiler-allocator-block-size=16777216"
    "memorysetup-profiler-editor-allocator-block-size=1048576"
    "memorysetup-temp-allocator-size-main=16777216"
    "memorysetup-job-temp-allocator-block-size=2097152"
    "memorysetup-job-temp-allocator-block-size-background=1048576"
    "memorysetup-job-temp-allocator-reduction-small-platforms=262144"
    "memorysetup-allocator-temp-initial-block-size-main=262144"
    "memorysetup-allocator-temp-initial-block-size-worker=262144"
    "memorysetup-temp-allocator-size-background-worker=32768"
    "memorysetup-temp-allocator-size-job-worker=262144"
    "memorysetup-temp-allocator-size-preload-manager=33554432"
    "memorysetup-temp-allocator-size-nav-mesh-worker=65536"
    "memorysetup-temp-allocator-size-audio-worker=65536"
    "memorysetup-temp-allocator-size-cloud-worker=32768"
    "memorysetup-temp-allocator-size-gi-baking-worker=262144"
    "memorysetup-temp-allocator-size-gfx=262144"
Player connection [10948] Host "[IP] 10.188.80.150 [Port] 0 [Flags] 2 [Guid] 3466123974 [EditorId] 3466123974 [Version] 1048832 [Id] WindowsEditor(7,DESKTOP-S91N9QH) [Debug] 1 [PackageName] WindowsEditor [ProjectName] Editor" joined multi-casting on [225.0.0.222:54997]...

Player connection [10948] Host "[IP] 10.188.80.150 [Port] 0 [Flags] 2 [Guid] 3466123974 [EditorId] 3466123974 [Version] 1048832 [Id] WindowsEditor(7,DESKTOP-S91N9QH) [Debug] 1 [PackageName] WindowsEditor [ProjectName] Editor" joined alternative multi-casting on [225.0.0.222:34997]...

[PhysX] Initialized MultithreadedTaskDispatcher with 16 workers.
Refreshing native plugins compatible for Editor in 10.13 ms, found 3 plugins.
Preloading 0 native plugins for Editor in 0.00 ms.
Initialize engine version: 2022.3.35f1 (011206c7a712)
[Subsystems] Discovering subsystems at path C:/Program Files/Unity/Hub/Editor/2022.3.35f1/Editor/Data/Resources/UnitySubsystems
[Subsystems] Discovering subsystems at path C:/Users/Р Р°РІРёР»СЊ/My project (1)/Assets
GfxDevice: creating device client; threaded=0; jobified=0
Direct3D:
    Version:  Direct3D 11.0 [level 11.1]
    Renderer: NVIDIA GeForce RTX 3060 Laptop GPU (ID=0x2520)
    Vendor:   NVIDIA
    VRAM:     6009 MB
    Driver:   31.0.15.3699
Initialize mono
Mono path[0] = 'C:/Program Files/Unity/Hub/Editor/2022.3.35f1/Editor/Data/Managed'
Mono path[1] = 'C:/Program Files/Unity/Hub/Editor/2022.3.35f1/Editor/Data/MonoBleedingEdge/lib/mono/unityjit-win32'
Mono config path = 'C:/Program Files/Unity/Hub/Editor/2022.3.35f1/Editor/Data/MonoBleedingEdge/etc'
Using monoOptions --debugger-agent=transport=dt_socket,embedding=1,server=y,suspend=n,address=127.0.0.1:56324
Begin MonoManager ReloadAssembly
Registering precompiled unity dll's ...
Register platform support module: C:/Program Files/Unity/Hub/Editor/2022.3.35f1/Editor/Data/PlaybackEngines/WindowsStandaloneSupport/UnityEditor.WindowsStandalone.Extensions.dll
Register platform support module: C:/Program Files/Unity/Hub/Editor/2022.3.35f1/Editor/Data/PlaybackEngines/MetroSupport/UnityEditor.UWP.Extensions.dll
Registered in 0.012011 seconds.
- Loaded All Assemblies, in  0.430 seconds
Native extension for UWP target not found
Native extension for WindowsStandalone target not found
Mono: successfully reloaded assembly
- Finished resetting the current domain, in  0.328 seconds
Domain Reload Profiling: 756ms
	BeginReloadAssembly (145ms)
		ExecutionOrderSort (0ms)
		DisableScriptedObjects (0ms)
		BackupInstance (0ms)
		ReleaseScriptingObjects (0ms)
		CreateAndSetChildDomain (1ms)
	RebuildCommonClasses (41ms)
	RebuildNativeTypeToScriptingClass (12ms)
	initialDomainReloadingComplete (74ms)
	LoadAllAssembliesAndSetupDomain (155ms)
		LoadAssemblies (143ms)
		RebuildTransferFunctionScriptingTraits (0ms)
		AnalyzeDomain (152ms)
			TypeCache.Refresh (151ms)
				TypeCache.ScanAssembly (137ms)
			ScanForSourceGeneratedMonoScriptInfo (0ms)
			ResolveRequiredComponents (1ms)
	FinalizeReload (329ms)
		ReleaseScriptCaches (0ms)
		RebuildScriptCaches (0ms)
		SetupLoadedEditorAssemblies (260ms)
			LogAssemblyErrors (0ms)
			InitializePlatformSupportModulesInManaged (13ms)
			SetLoadedEditorAssemblies (6ms)
			RefreshPlugins (0ms)
			BeforeProcessingInitializeOnLoad (2ms)
			ProcessInitializeOnLoadAttributes (176ms)
			ProcessInitializeOnLoadMethodAttributes (62ms)
			AfterProcessingInitializeOnLoad (0ms)
			EditorAssembliesLoaded (0ms)
		ExecutionOrderSort2 (0ms)
		AwakeInstancesAfterBackupRestoration (0ms)
========================================================================
Worker process is ready to serve import requests
Begin MonoManager ReloadAssembly
- Loaded All Assemblies, in  0.691 seconds
Refreshing native plugins compatible for Editor in 3.98 ms, found 3 plugins.
Native extension for UWP target not found
Native extension for WindowsStandalone target not found
Package Manager log level set to [2]
[Package Manager] Server::EnsureServerProcessIsRunning -- launch failed, reason: Unity was launched with the -noUpm command-line argument
[Package Manager] UpmClient::Send -- Unable to send message (not connected to UPM process).
[Package Manager] Cannot connect to Unity Package Manager local server
Mono: successfully reloaded assembly
- Finished resetting the current domain, in  0.671 seconds
Domain Reload Profiling: 1360ms
	BeginReloadAssembly (166ms)
		ExecutionOrderSort (0ms)
		DisableScriptedObjects (7ms)
		BackupInstance (0ms)
		ReleaseScriptingObjects (0ms)
		CreateAndSetChildDomain (25ms)
	RebuildCommonClasses (37ms)
	RebuildNativeTypeToScriptingClass (12ms)
	initialDomainReloadingComplete (50ms)
	LoadAllAssembliesAndSetupDomain (424ms)
		LoadAssemblies (312ms)
		RebuildTransferFunctionScriptingTraits (0ms)
		AnalyzeDomain (208ms)
			TypeCache.Refresh (177ms)
				TypeCache.ScanAssembly (158ms)
			ScanForSourceGeneratedMonoScriptInfo (24ms)
			ResolveRequiredComponents (6ms)
	FinalizeReload (672ms)
		ReleaseScriptCaches (0ms)
		RebuildScriptCaches (0ms)
		SetupLoadedEditorAssemblies (497ms)
			LogAssemblyErrors (0ms)
			InitializePlatformSupportModulesInManaged (9ms)
			SetLoadedEditorAssemblies (3ms)
			RefreshPlugins (0ms)
			BeforeProcessingInitializeOnLoad (70ms)
			ProcessInitializeOnLoadAttributes (376ms)
			ProcessInitializeOnLoadMethodAttributes (26ms)
			AfterProcessingInitializeOnLoad (12ms)
			EditorAssembliesLoaded (0ms)
		ExecutionOrderSort2 (0ms)
		AwakeInstancesAfterBackupRestoration (11ms)
Launched and connected shader compiler UnityShaderCompiler.exe after 0.06 seconds
Refreshing native plugins compatible for Editor in 6.61 ms, found 3 plugins.
Preloading 0 native plugins for Editor in 0.00 ms.
Unloading 3146 Unused Serialized files (Serialized files now loaded: 0)
Unloading 33 unused Assets / (58.0 KB). Loaded Objects now: 3608.
Memory consumption went from 126.9 MB to 126.8 MB.
Total: 3.378400 ms (FindLiveObjects: 0.238600 ms CreateObjectMapping: 0.161600 ms MarkObjects: 2.860100 ms  DeleteObjects: 0.116900 ms)

AssetImportParameters requested are different than current active one (requested -> active):
  custom:container-demuxer-ogg: 62fdf1f143b41e24485cea50d1cbac27 -> 
  custom:video-decoder-ogg-theora: a1e56fd34408186e4bbccfd4996cb3dc -> 
  custom:framework-win-MediaFoundation: 216162199b28c13a410421893ffa2e32 -> 
  custom:CustomObjectIndexerAttribute: 9a22284fe3817be447336de3de66b15e -> 
  custom:container-demuxer-webm: 4f35f7cbe854078d1ac9338744f61a02 -> 
  custom:container-muxer-webm: aa71ff27fc2769a1b78a27578f13a17b -> 
  custom:video-decoder-webm-vp8: 9c59270c3fd7afecdb556c50c9e8de78 -> 
  custom:SearchIndexIgnoredProperties: e643bd26f0fe6173181afceb89e7c659 -> 
  custom:AudioImporter_EditorPlatform: d09bf68614088b80899f8185d706f6e7 -> 
  custom:video-encoder-webm-vp8: eb34c28f22e8b96e1ab97ce403110664 -> 
  custom:audio-decoder-ogg-vorbis: bf7c407c2cedff20999df2af8eb42d56 -> 
  custom:audio-encoder-webm-vorbis: bf7c407c2cedff20999df2af8eb42d56 -> 
========================================================================
Received Import Request.
  Time since last request: 522784.024276 seconds.
  path: Assets/resource/style02/shape033_style02_color02.png
  artifactKey: Guid(49c1a5bb2063bf043b70b705e98e1cf3) Importer(815301076,1909f56bfc062723c751e8b465ee728b)
Start importing Assets/resource/style02/shape033_style02_color02.png using Guid(49c1a5bb2063bf043b70b705e98e1cf3) Importer(815301076,1909f56bfc062723c751e8b465ee728b) [PhysX] Initialized MultithreadedTaskDispatcher with 16 workers.
[PhysX] Initialized MultithreadedTaskDispatcher with 16 workers.
 -> (artifact id: '2d7f97498fbb280133a54974509f4f36') in 0.126831 seconds
Number of updated asset objects reloaded before import = 0
Number of asset objects unloaded after import = 3
========================================================================
Received Import Request.
  Time since last request: 0.336529 seconds.
  path: Assets/resource/style02/shape033_style02_color12.png
  artifactKey: Guid(5b979f1b89dde2d4ca6d98d8cdae503b) Importer(815301076,1909f56bfc062723c751e8b465ee728b)
Start importing Assets/resource/style02/shape033_style02_color12.png using Guid(5b979f1b89dde2d4ca6d98d8cdae503b) Importer(815301076,1909f56bfc062723c751e8b465ee728b) [PhysX] Initialized MultithreadedTaskDispatcher with 16 workers.
[PhysX] Initialized MultithreadedTaskDispatcher with 16 workers.
 -> (artifact id: '8f214e9eead2c7ff0756b2b63eca2017') in 0.015601 seconds
Number of updated asset objects reloaded before import = 0
Number of asset objects unloaded after import = 3
========================================================================
Received Import Request.
  Time since last request: 0.413447 seconds.
  path: Assets/resource/style02/shape035_style02_color04.png
  artifactKey: Guid(de0c70f2aebfc414abe0a082fd12796e) Importer(815301076,1909f56bfc062723c751e8b465ee728b)
Start importing Assets/resource/style02/shape035_style02_color04.png using Guid(de0c70f2aebfc414abe0a082fd12796e) Importer(815301076,1909f56bfc062723c751e8b465ee728b) [PhysX] Initialized MultithreadedTaskDispatcher with 16 workers.
[PhysX] Initialized MultithreadedTaskDispatcher with 16 workers.
 -> (artifact id: '18e48e0d076038d74ad78c0c1cd11266') in 0.013972 seconds
Number of updated asset objects reloaded before import = 0
Number of asset objects unloaded after import = 3
========================================================================
Received Import Request.
  Time since last request: 1.117330 seconds.
  path: Assets/resource/style02/shape037_style02_color05.png
  artifactKey: Guid(5d6e2b5e64f39e049ba214a418679b65) Importer(815301076,1909f56bfc062723c751e8b465ee728b)
Start importing Assets/resource/style02/shape037_style02_color05.png using Guid(5d6e2b5e64f39e049ba214a418679b65) Importer(815301076,1909f56bfc062723c751e8b465ee728b) [PhysX] Initialized MultithreadedTaskDispatcher with 16 workers.
[PhysX] Initialized MultithreadedTaskDispatcher with 16 workers.
 -> (artifact id: '52ae8705867e292ce35f019dd6764989') in 0.017907 seconds
Number of updated asset objects reloaded before import = 0
Number of asset objects unloaded after import = 3
========================================================================
Received Import Request.
  Time since last request: 2.812031 seconds.
  path: Assets/resource/style02/shape043_style02_color08.png
  artifactKey: Guid(893d6ac1a4dc43949a801c615d5f5d39) Importer(815301076,1909f56bfc062723c751e8b465ee728b)
Start importing Assets/resource/style02/shape043_style02_color08.png using Guid(893d6ac1a4dc43949a801c615d5f5d39) Importer(815301076,1909f56bfc062723c751e8b465ee728b) [PhysX] Initialized MultithreadedTaskDispatcher with 16 workers.
[PhysX] Initialized MultithreadedTaskDispatcher with 16 workers.
 -> (artifact id: 'd0994aae8ba1f279a50a8b601d3e2eef') in 0.015953 seconds
Number of updated asset objects reloaded before import = 0
Number of asset objects unloaded after import = 3
========================================================================
Received Import Request.
  Time since last request: 0.008597 seconds.
  path: Assets/resource/style02/shape043_style02_color12.png
  artifactKey: Guid(ddc735b2dd3cfc742beb143b3badd5e4) Importer(815301076,1909f56bfc062723c751e8b465ee728b)
Start importing Assets/resource/style02/shape043_style02_color12.png using Guid(ddc735b2dd3cfc742beb143b3badd5e4) Importer(815301076,1909f56bfc062723c751e8b465ee728b) [PhysX] Initialized MultithreadedTaskDispatcher with 16 workers.
[PhysX] Initialized MultithreadedTaskDispatcher with 16 workers.
 -> (artifact id: 'f54dac901ca2f5d015767d549b4af700') in 0.016178 seconds
Number of updated asset objects reloaded before import = 0
Number of asset objects unloaded after import = 3
========================================================================
Received Import Request.
  Time since last request: 0.421839 seconds.
  path: Assets/resource/style02/shape044_style02_color09.png
  artifactKey: Guid(9d3376e34ca0b394bb8b40b9f1e20a46) Importer(815301076,1909f56bfc062723c751e8b465ee728b)
Start importing Assets/resource/style02/shape044_style02_color09.png using Guid(9d3376e34ca0b394bb8b40b9f1e20a46) Importer(815301076,1909f56bfc062723c751e8b465ee728b) [PhysX] Initialized MultithreadedTaskDispatcher with 16 workers.
[PhysX] Initialized MultithreadedTaskDispatcher with 16 workers.
 -> (artifact id: '4195e31cdaa8211cddd4cfdb88289bf7') in 0.016403 seconds
Number of updated asset objects reloaded before import = 0
Number of asset objects unloaded after import = 3
========================================================================
Received Import Request.
  Time since last request: 0.743432 seconds.
  path: Assets/resource/style02/shape047_style02_color08.png
  artifactKey: Guid(831afc90086689a438c0b9017b7cd143) Importer(815301076,1909f56bfc062723c751e8b465ee728b)
Start importing Assets/resource/style02/shape047_style02_color08.png using Guid(831afc90086689a438c0b9017b7cd143) Importer(815301076,1909f56bfc062723c751e8b465ee728b) [PhysX] Initialized MultithreadedTaskDispatcher with 16 workers.
[PhysX] Initialized MultithreadedTaskDispatcher with 16 workers.
 -> (artifact id: 'fcfc722270814a2a4af92e15bc26a579') in 0.023943 seconds
Number of updated asset objects reloaded before import = 0
Number of asset objects unloaded after import = 3
========================================================================
Received Import Request.
  Time since last request: 0.437467 seconds.
  path: Assets/resource/style02/shape047_style02_color12.png
  artifactKey: Guid(586fb7c69ddb023428670d5bf4d38453) Importer(815301076,1909f56bfc062723c751e8b465ee728b)
Start importing Assets/resource/style02/shape047_style02_color12.png using Guid(586fb7c69ddb023428670d5bf4d38453) Importer(815301076,1909f56bfc062723c751e8b465ee728b) [PhysX] Initialized MultithreadedTaskDispatcher with 16 workers.
[PhysX] Initialized MultithreadedTaskDispatcher with 16 workers.
 -> (artifact id: '816b46ac2a5cb5697cfd78a8ad7145f9') in 0.016032 seconds
Number of updated asset objects reloaded before import = 0
Number of asset objects unloaded after import = 3
========================================================================
Received Import Request.
  Time since last request: 0.296355 seconds.
  path: Assets/resource/style02/shape049_style02_color01.png
  artifactKey: Guid(f878b09f01765854088ed535cdd91b35) Importer(815301076,1909f56bfc062723c751e8b465ee728b)
Start importing Assets/resource/style02/shape049_style02_color01.png using Guid(f878b09f01765854088ed535cdd91b35) Importer(815301076,1909f56bfc062723c751e8b465ee728b) [PhysX] Initialized MultithreadedTaskDispatcher with 16 workers.
[PhysX] Initialized MultithreadedTaskDispatcher with 16 workers.
 -> (artifact id: '8c887618a5ab0f6dc15f9f2a643243ae') in 0.015752 seconds
Number of updated asset objects reloaded before import = 0
Number of asset objects unloaded after import = 3
========================================================================
Received Import Request.
  Time since last request: 0.867856 seconds.
  path: Assets/resource/style02/shape051_style02_color05.png
  artifactKey: Guid(4dde284137589d6469f56763e3fb9c9c) Importer(815301076,1909f56bfc062723c751e8b465ee728b)
Start importing Assets/resource/style02/shape051_style02_color05.png using Guid(4dde284137589d6469f56763e3fb9c9c) Importer(815301076,1909f56bfc062723c751e8b465ee728b) [PhysX] Initialized MultithreadedTaskDispatcher with 16 workers.
[PhysX] Initialized MultithreadedTaskDispatcher with 16 workers.
 -> (artifact id: '72ce062dd525702c318469180119f189') in 0.016989 seconds
Number of updated asset objects reloaded before import = 0
Number of asset objects unloaded after import = 3
========================================================================
Received Import Request.
  Time since last request: 0.144469 seconds.
  path: Assets/resource/style02/shape052_style02_color10.png
  artifactKey: Guid(8e219c0877c4078428ccbbf24bf75fbf) Importer(815301076,1909f56bfc062723c751e8b465ee728b)
Start importing Assets/resource/style02/shape052_style02_color10.png using Guid(8e219c0877c4078428ccbbf24bf75fbf) Importer(815301076,1909f56bfc062723c751e8b465ee728b) [PhysX] Initialized MultithreadedTaskDispatcher with 16 workers.
[PhysX] Initialized MultithreadedTaskDispatcher with 16 workers.
 -> (artifact id: 'a5493b409548cecc90fbd80cf1c81b3f') in 0.016413 seconds
Number of updated asset objects reloaded before import = 0
Number of asset objects unloaded after import = 3
========================================================================
Received Import Request.
  Time since last request: 0.758557 seconds.
  path: Assets/resource/style02/shape053_style02_color06.png
  artifactKey: Guid(5ff90989ae0c48b4dbfffadb57473fd8) Importer(815301076,1909f56bfc062723c751e8b465ee728b)
Start importing Assets/resource/style02/shape053_style02_color06.png using Guid(5ff90989ae0c48b4dbfffadb57473fd8) Importer(815301076,1909f56bfc062723c751e8b465ee728b) [PhysX] Initialized MultithreadedTaskDispatcher with 16 workers.
[PhysX] Initialized MultithreadedTaskDispatcher with 16 workers.
 -> (artifact id: 'cbdaf1de21b872070bed3f282f901e1e') in 0.017757 seconds
Number of updated asset objects reloaded before import = 0
Number of asset objects unloaded after import = 3
========================================================================
Received Import Request.
  Time since last request: 0.200946 seconds.
  path: Assets/resource/style02/shape054_style02_color06.png
  artifactKey: Guid(9082e788087ef614b9bd5ef09d3575bf) Importer(815301076,1909f56bfc062723c751e8b465ee728b)
Start importing Assets/resource/style02/shape054_style02_color06.png using Guid(9082e788087ef614b9bd5ef09d3575bf) Importer(815301076,1909f56bfc062723c751e8b465ee728b) [PhysX] Initialized MultithreadedTaskDispatcher with 16 workers.
[PhysX] Initialized MultithreadedTaskDispatcher with 16 workers.
 -> (artifact id: 'f9eead0fe9104552f8fa153c8dc0e2b5') in 0.017405 seconds
Number of updated asset objects reloaded before import = 0
Number of asset objects unloaded after import = 3
========================================================================
Received Import Request.
  Time since last request: 1.362911 seconds.
  path: Assets/resource/style02/shape055_style02_color07.png
  artifactKey: Guid(b08cfda449e715f4a8e4087ed7504e81) Importer(815301076,1909f56bfc062723c751e8b465ee728b)
Start importing Assets/resource/style02/shape055_style02_color07.png using Guid(b08cfda449e715f4a8e4087ed7504e81) Importer(815301076,1909f56bfc062723c751e8b465ee728b) [PhysX] Initialized MultithreadedTaskDispatcher with 16 workers.
[PhysX] Initialized MultithreadedTaskDispatcher with 16 workers.
 -> (artifact id: '98d56837c5df5dc0618fd38f1745c554') in 0.017990 seconds
Number of updated asset objects reloaded before import = 0
Number of asset objects unloaded after import = 3
========================================================================
Received Import Request.
  Time since last request: 0.290772 seconds.
  path: Assets/resource/style02/shape057_style02_color04.png
  artifactKey: Guid(62cdc6005202b5e449184ba89e5c78ee) Importer(815301076,1909f56bfc062723c751e8b465ee728b)
Start importing Assets/resource/style02/shape057_style02_color04.png using Guid(62cdc6005202b5e449184ba89e5c78ee) Importer(815301076,1909f56bfc062723c751e8b465ee728b) [PhysX] Initialized MultithreadedTaskDispatcher with 16 workers.
[PhysX] Initialized MultithreadedTaskDispatcher with 16 workers.
 -> (artifact id: '6ef5d82775c6bbd7501052edb1c85d3e') in 0.027455 seconds
Number of updated asset objects reloaded before import = 0
Number of asset objects unloaded after import = 3
========================================================================
Received Import Request.
  Time since last request: 0.402677 seconds.
  path: Assets/resource/style02/shape057_style02_color12.png
  artifactKey: Guid(19caf69aaf355414dade7def618205d1) Importer(815301076,1909f56bfc062723c751e8b465ee728b)
Start importing Assets/resource/style02/shape057_style02_color12.png using Guid(19caf69aaf355414dade7def618205d1) Importer(815301076,1909f56bfc062723c751e8b465ee728b) [PhysX] Initialized MultithreadedTaskDispatcher with 16 workers.
[PhysX] Initialized MultithreadedTaskDispatcher with 16 workers.
 -> (artifact id: 'cd1af57cb6e748b56ae0070c62ceee0f') in 0.019322 seconds
Number of updated asset objects reloaded before import = 0
Number of asset objects unloaded after import = 3
========================================================================
Received Import Request.
  Time since last request: 0.004868 seconds.
  path: Assets/resource/style02/shape058_style02_color04.png
  artifactKey: Guid(cb88f9fd0fdf6114aab712b1cc9799d0) Importer(815301076,1909f56bfc062723c751e8b465ee728b)
Start importing Assets/resource/style02/shape058_style02_color04.png using Guid(cb88f9fd0fdf6114aab712b1cc9799d0) Importer(815301076,1909f56bfc062723c751e8b465ee728b) [PhysX] Initialized MultithreadedTaskDispatcher with 16 workers.
[PhysX] Initialized MultithreadedTaskDispatcher with 16 workers.
 -> (artifact id: '2a057b0fe4d80aa6a2e9c27fd077a055') in 0.017962 seconds
Number of updated asset objects reloaded before import = 0
Number of asset objects unloaded after import = 3
========================================================================
Received Import Request.
  Time since last request: 0.711450 seconds.
  path: Assets/resource/style02/shape058_style02_color10.png
  artifactKey: Guid(cc2de45977f464d4aa2f389485fc767d) Importer(815301076,1909f56bfc062723c751e8b465ee728b)
Start importing Assets/resource/style02/shape058_style02_color10.png using Guid(cc2de45977f464d4aa2f389485fc767d) Importer(815301076,1909f56bfc062723c751e8b465ee728b) [PhysX] Initialized MultithreadedTaskDispatcher with 16 workers.
[PhysX] Initialized MultithreadedTaskDispatcher with 16 workers.
 -> (artifact id: '87932997ef4c35731be35a0cf1874212') in 0.016755 seconds
Number of updated asset objects reloaded before import = 0
Number of asset objects unloaded after import = 3
========================================================================
Received Import Request.
  Time since last request: 0.146011 seconds.
  path: Assets/resource/style02/shape059_style02_color12.png
  artifactKey: Guid(6cf1344abea1e5344b8dadaca5df7f67) Importer(815301076,1909f56bfc062723c751e8b465ee728b)
Start importing Assets/resource/style02/shape059_style02_color12.png using Guid(6cf1344abea1e5344b8dadaca5df7f67) Importer(815301076,1909f56bfc062723c751e8b465ee728b) [PhysX] Initialized MultithreadedTaskDispatcher with 16 workers.
[PhysX] Initialized MultithreadedTaskDispatcher with 16 workers.
 -> (artifact id: 'c5e6d6de591ddae7955780103e17c9f4') in 0.017910 seconds
Number of updated asset objects reloaded before import = 0
Number of asset objects unloaded after import = 3
========================================================================
Received Import Request.
  Time since last request: 0.679332 seconds.
  path: Assets/resource/style02/shape064_style02_color01.png
  artifactKey: Guid(a0cf9cf7eafc6f44dbc61d743f9dfc63) Importer(815301076,1909f56bfc062723c751e8b465ee728b)
Start importing Assets/resource/style02/shape064_style02_color01.png using Guid(a0cf9cf7eafc6f44dbc61d743f9dfc63) Importer(815301076,1909f56bfc062723c751e8b465ee728b) [PhysX] Initialized MultithreadedTaskDispatcher with 16 workers.
[PhysX] Initialized MultithreadedTaskDispatcher with 16 workers.
 -> (artifact id: '09681bd701e47cef5f64a9c391fc517d') in 0.030099 seconds
Number of updated asset objects reloaded before import = 0
Number of asset objects unloaded after import = 3
========================================================================
Received Import Request.
  Time since last request: 0.000021 seconds.
  path: Assets/resource/style02/shape064_style02_color05.png
  artifactKey: Guid(c32f8fbf5a9c2d241b00bd115b7e14ef) Importer(815301076,1909f56bfc062723c751e8b465ee728b)
Start importing Assets/resource/style02/shape064_style02_color05.png using Guid(c32f8fbf5a9c2d241b00bd115b7e14ef) Importer(815301076,1909f56bfc062723c751e8b465ee728b) [PhysX] Initialized MultithreadedTaskDispatcher with 16 workers.
[PhysX] Initialized MultithreadedTaskDispatcher with 16 workers.
 -> (artifact id: 'a2ab0af1afef1e10095e709104c7206e') in 0.025361 seconds
Number of updated asset objects reloaded before import = 0
Number of asset objects unloaded after import = 3
========================================================================
Received Import Request.
  Time since last request: 0.000023 seconds.
  path: Assets/resource/style02/shape064_style02_color09.png
  artifactKey: Guid(dfdcb0b7c3fcabc408adc6bcc64a2cb1) Importer(815301076,1909f56bfc062723c751e8b465ee728b)
Start importing Assets/resource/style02/shape064_style02_color09.png using Guid(dfdcb0b7c3fcabc408adc6bcc64a2cb1) Importer(815301076,1909f56bfc062723c751e8b465ee728b) [PhysX] Initialized MultithreadedTaskDispatcher with 16 workers.
[PhysX] Initialized MultithreadedTaskDispatcher with 16 workers.
 -> (artifact id: '85d9c2e5880c274bd198cdbeb5ff53a4') in 0.066387 seconds
Number of updated asset objects reloaded before import = 0
Number of asset objects unloaded after import = 3
========================================================================
Received Import Request.
  Time since last request: 42.531467 seconds.
  path: Assets/resource/style02/shape073_style02_color01.png
  artifactKey: Guid(c2db87a9f378b91449e69491bee359bf) Importer(815301076,1909f56bfc062723c751e8b465ee728b)
Start importing Assets/resource/style02/shape073_style02_color01.png using Guid(c2db87a9f378b91449e69491bee359bf) Importer(815301076,1909f56bfc062723c751e8b465ee728b) [PhysX] Initialized MultithreadedTaskDispatcher with 16 workers.
[PhysX] Initialized MultithreadedTaskDispatcher with 16 workers.
 -> (artifact id: 'd740d7a3df75ba2f30d83dbcb035378b') in 0.016146 seconds
Number of updated asset objects reloaded before import = 0
Number of asset objects unloaded after import = 3
========================================================================
Received Import Request.
  Time since last request: 0.015749 seconds.
  path: Assets/resource/style02/shape073_style02_color06.png
  artifactKey: Guid(3a2f107067ebc87429035afd2cab036a) Importer(815301076,1909f56bfc062723c751e8b465ee728b)
Start importing Assets/resource/style02/shape073_style02_color06.png using Guid(3a2f107067ebc87429035afd2cab036a) Importer(815301076,1909f56bfc062723c751e8b465ee728b) [PhysX] Initialized MultithreadedTaskDispatcher with 16 workers.
[PhysX] Initialized MultithreadedTaskDispatcher with 16 workers.
 -> (artifact id: '7503ba59d4ee0c8e1ed92aa566761489') in 0.016980 seconds
Number of updated asset objects reloaded before import = 0
Number of asset objects unloaded after import = 3
========================================================================
Received Import Request.
  Time since last request: 2.120495 seconds.
  path: Assets/resource/style02/shape078_style02_color04.png
  artifactKey: Guid(4375d5798ac45e04d97ee371182ef356) Importer(815301076,1909f56bfc062723c751e8b465ee728b)
Start importing Assets/resource/style02/shape078_style02_color04.png using Guid(4375d5798ac45e04d97ee371182ef356) Importer(815301076,1909f56bfc062723c751e8b465ee728b) [PhysX] Initialized MultithreadedTaskDispatcher with 16 workers.
[PhysX] Initialized MultithreadedTaskDispatcher with 16 workers.
 -> (artifact id: '49bd85b6904ff497509cd862d5c50508') in 0.017615 seconds
Number of updated asset objects reloaded before import = 0
Number of asset objects unloaded after import = 3
========================================================================
Received Import Request.
  Time since last request: 0.125731 seconds.
  path: Assets/resource/style02/shape079_style02_color09.png
  artifactKey: Guid(d9a4b33358bfb8844a2890c09608c180) Importer(815301076,1909f56bfc062723c751e8b465ee728b)
Start importing Assets/resource/style02/shape079_style02_color09.png using Guid(d9a4b33358bfb8844a2890c09608c180) Importer(815301076,1909f56bfc062723c751e8b465ee728b) [PhysX] Initialized MultithreadedTaskDispatcher with 16 workers.
[PhysX] Initialized MultithreadedTaskDispatcher with 16 workers.
 -> (artifact id: '5a514de070da2facbfa885453cf0fe26') in 0.017033 seconds
Number of updated asset objects reloaded before import = 0
Number of asset objects unloaded after import = 3
========================================================================
Received Import Request.
  Time since last request: 0.743201 seconds.
  path: Assets/resource/style02/shape083_style02_color03.png
  artifactKey: Guid(2c2ddcea46946f84899d8be59b5b1a3f) Importer(815301076,1909f56bfc062723c751e8b465ee728b)
Start importing Assets/resource/style02/shape083_style02_color03.png using Guid(2c2ddcea46946f84899d8be59b5b1a3f) Importer(815301076,1909f56bfc062723c751e8b465ee728b) [PhysX] Initialized MultithreadedTaskDispatcher with 16 workers.
[PhysX] Initialized MultithreadedTaskDispatcher with 16 workers.
 -> (artifact id: '681bb3b6f5bd667111393095433feebb') in 0.019205 seconds
Number of updated asset objects reloaded before import = 0
Number of asset objects unloaded after import = 3
========================================================================
Received Import Request.
  Time since last request: 1.115245 seconds.
  path: Assets/resource/style02/shape089_style02_color10.png
  artifactKey: Guid(ba76e2abc5dc7df46851239968503371) Importer(815301076,1909f56bfc062723c751e8b465ee728b)
Start importing Assets/resource/style02/shape089_style02_color10.png using Guid(ba76e2abc5dc7df46851239968503371) Importer(815301076,1909f56bfc062723c751e8b465ee728b) [PhysX] Initialized MultithreadedTaskDispatcher with 16 workers.
[PhysX] Initialized MultithreadedTaskDispatcher with 16 workers.
 -> (artifact id: 'c10fbbca068f56bfc7ff1fa5aced3d75') in 0.019471 seconds
Number of updated asset objects reloaded before import = 0
Number of asset objects unloaded after import = 3
========================================================================
Received Import Request.
  Time since last request: 0.588480 seconds.
  path: Assets/resource/style02/shape091_style02_color12.png
  artifactKey: Guid(6bce3cb915ba3d14e9d98bb374e56d8f) Importer(815301076,1909f56bfc062723c751e8b465ee728b)
Start importing Assets/resource/style02/shape091_style02_color12.png using Guid(6bce3cb915ba3d14e9d98bb374e56d8f) Importer(815301076,1909f56bfc062723c751e8b465ee728b) [PhysX] Initialized MultithreadedTaskDispatcher with 16 workers.
[PhysX] Initialized MultithreadedTaskDispatcher with 16 workers.
 -> (artifact id: '6f586968b4a7366a3c4e39ce700b1602') in 0.019303 seconds
Number of updated asset objects reloaded before import = 0
Number of asset objects unloaded after import = 3
========================================================================
Received Import Request.
  Time since last request: 0.575145 seconds.
  path: Assets/resource/style02/shape093_style02_color08.png
  artifactKey: Guid(c97f0cb2ac81e01469183a86b1c4dd32) Importer(815301076,1909f56bfc062723c751e8b465ee728b)
Start importing Assets/resource/style02/shape093_style02_color08.png using Guid(c97f0cb2ac81e01469183a86b1c4dd32) Importer(815301076,1909f56bfc062723c751e8b465ee728b) [PhysX] Initialized MultithreadedTaskDispatcher with 16 workers.
[PhysX] Initialized MultithreadedTaskDispatcher with 16 workers.
 -> (artifact id: '02dc630b6ad78dfd596c07da9b31afd3') in 0.019445 seconds
Number of updated asset objects reloaded before import = 0
Number of asset objects unloaded after import = 3
========================================================================
Received Import Request.
  Time since last request: 0.019695 seconds.
  path: Assets/resource/style02/shape094_style02_color02.png
  artifactKey: Guid(117da90164fdd8b4bb54fab6d37918fb) Importer(815301076,1909f56bfc062723c751e8b465ee728b)
Start importing Assets/resource/style02/shape094_style02_color02.png using Guid(117da90164fdd8b4bb54fab6d37918fb) Importer(815301076,1909f56bfc062723c751e8b465ee728b) [PhysX] Initialized MultithreadedTaskDispatcher with 16 workers.
[PhysX] Initialized MultithreadedTaskDispatcher with 16 workers.
 -> (artifact id: 'c22e60eb937714d4111e84926edf7b0d') in 0.017093 seconds
Number of updated asset objects reloaded before import = 0
Number of asset objects unloaded after import = 3
========================================================================
Received Import Request.
  Time since last request: 0.734127 seconds.
  path: Assets/resource/style02/shape096_style02_color09.png
  artifactKey: Guid(fa0c94dcbc6267d4d8bb81485d69d15f) Importer(815301076,1909f56bfc062723c751e8b465ee728b)
Start importing Assets/resource/style02/shape096_style02_color09.png using Guid(fa0c94dcbc6267d4d8bb81485d69d15f) Importer(815301076,1909f56bfc062723c751e8b465ee728b) [PhysX] Initialized MultithreadedTaskDispatcher with 16 workers.
[PhysX] Initialized MultithreadedTaskDispatcher with 16 workers.
 -> (artifact id: 'ca4fd47e06a429b0314614449714dff8') in 0.016957 seconds
Number of updated asset objects reloaded before import = 0
Number of asset objects unloaded after import = 3
========================================================================
Received Import Request.
  Time since last request: 0.325128 seconds.
  path: Assets/resource/style02/shape098_style02_color11.png
  artifactKey: Guid(c10b02f6a8ce3d042b50661034c585c0) Importer(815301076,1909f56bfc062723c751e8b465ee728b)
Start importing Assets/resource/style02/shape098_style02_color11.png using Guid(c10b02f6a8ce3d042b50661034c585c0) Importer(815301076,1909f56bfc062723c751e8b465ee728b) [PhysX] Initialized MultithreadedTaskDispatcher with 16 workers.
[PhysX] Initialized MultithreadedTaskDispatcher with 16 workers.
 -> (artifact id: '379bec3e6cd37b521bdae9993626707b') in 0.017871 seconds
Number of updated asset objects reloaded before import = 0
Number of asset objects unloaded after import = 3
========================================================================
Received Import Request.
  Time since last request: 0.042602 seconds.
  path: Assets/resource/style02/shape099_style02_color08.png
  artifactKey: Guid(11878d0dc3d047145921d0c843603263) Importer(815301076,1909f56bfc062723c751e8b465ee728b)
Start importing Assets/resource/style02/shape099_style02_color08.png using Guid(11878d0dc3d047145921d0c843603263) Importer(815301076,1909f56bfc062723c751e8b465ee728b) [PhysX] Initialized MultithreadedTaskDispatcher with 16 workers.
[PhysX] Initialized MultithreadedTaskDispatcher with 16 workers.
 -> (artifact id: '3c95994f352952a2b7fc962078f57e1e') in 0.018546 seconds
Number of updated asset objects reloaded before import = 0
Number of asset objects unloaded after import = 3
========================================================================
Received Import Request.
  Time since last request: 0.461617 seconds.
  path: Assets/resource/style02/shape100_style02_color04.png
  artifactKey: Guid(6b511fe5b70355f49af0e7f33cdac864) Importer(815301076,1909f56bfc062723c751e8b465ee728b)
Start importing Assets/resource/style02/shape100_style02_color04.png using Guid(6b511fe5b70355f49af0e7f33cdac864) Importer(815301076,1909f56bfc062723c751e8b465ee728b) [PhysX] Initialized MultithreadedTaskDispatcher with 16 workers.
[PhysX] Initialized MultithreadedTaskDispatcher with 16 workers.
 -> (artifact id: 'b2e8ef71f735739637c2ddee9aab8ef9') in 0.016210 seconds
Number of updated asset objects reloaded before import = 0
Number of asset objects unloaded after import = 3
Editor requested this worker to shutdown with reason: Scaling down because of idle timeout
TcpMessagingSession - receive error: operation aborted. errorcode: 995, details: Операция ввода/вывода была прервана из-за завершения потока команд или по запросу приложения.
AssetImportWorker is now disconnected from the server
Process exiting
Exiting without the bug reporter. Application will terminate with return code 0